<?xml version="1.0" encoding="UTF-8"?>
<!-- Generated by org.testng.reporters.JUnitXMLReporter -->
<testsuite hostname="Macs-MacBook-Pro.local" name="Default test" tests="9" failures="0" timestamp="7 Sep 2020 05:12:41 GMT" time="17.603" errors="0">
  <testcase name="login" time="1.235" classname="main.MainClass"/>
  <testcase name="validateErrorMessageForEmptyProductDescription" time="2.054" classname="main.MainClass"/>
  <testcase name="validateErrorMessageForEmptyProductSku" time="0.892" classname="main.MainClass"/>
  <testcase name="validateErrorMessageForEmptyProductTitle" time="0.879" classname="main.MainClass"/>
  <testcase name="validateProductAttributeCharacterLength" time="0.054" classname="main.MainClass"/>
  <testcase name="verifyNewProductCreation" time="1.619" classname="main.MainClass"/>
  <testcase name="verifyNewProductListing" time="0.93" classname="main.MainClass"/>
  <testcase name="verifyUdpateProduct" time="2.586" classname="main.MainClass"/>
  <testcase name="verifyDeleteProduct" time="1.584" classname="main.MainClass"/>
</testsuite> <!-- Default test -->
